[debug] > Exec(;set _root_.scala.collection.Seq(historyPath := None,shellPrompt := { _ => "" },SettingKey[_root_.scala.Option[_root_.sbt.File]]("sbtStructureOutputFile") in _root_.sbt.Global := _root_.scala.Some(_root_.sbt.file("/tmp/sbt-structure.xml")),SettingKey[_root_.java.lang.String]("sbtStructureOptions") in _root_.sbt.Global := "download, resolveSourceClassifiers, insertProjectTransitiveDependencies");apply -cp "/home/sr7/.local/share/JetBrains/IdeaIC2024.1/Scala/repo/org/jetbrains/scala/sbt-structure-extractor_2.12_1.3/2024.1.1/sbt-structure-extractor-2024.1.1.jar" org.jetbrains.sbt.CreateTasks;preferScala2;*/*:dumpStructure, Some(0670707f-68d2-4806-af42-6d8191ecc892), Some(CommandSource(console0)))
[debug] > Exec(set _root_.scala.collection.Seq(historyPath := None,shellPrompt := { _ => "" },SettingKey[_root_.scala.Option[_root_.sbt.File]]("sbtStructureOutputFile") in _root_.sbt.Global := _root_.scala.Some(_root_.sbt.file("/tmp/sbt-structure.xml")),SettingKey[_root_.java.lang.String]("sbtStructureOptions") in _root_.sbt.Global := "download, resolveSourceClassifiers, insertProjectTransitiveDependencies"), None, Some(CommandSource(console0)))
[info] Defining Global / sbtStructureOptions, Global / sbtStructureOutputFile and 1 others.
[info] The new values will be used by cleanKeepGlobs
[info] 	Run `last` for details.
[debug] Defining 
[debug] 	Global / sbtStructureOptions
[debug] 	Global / sbtStructureOutputFile
[debug] 	history
[debug] 	shellPrompt
[debug] 
[debug] The new values will be used by 
[debug] 	cleanKeepGlobs
[info] Reapplying settings...
[info] set current project to mlLib_Summarizer (in build file:/home/sr7/LearnBigData/mlLib_Summarizer/)
[debug] > Exec(apply -cp "/home/sr7/.local/share/JetBrains/IdeaIC2024.1/Scala/repo/org/jetbrains/scala/sbt-structure-extractor_2.12_1.3/2024.1.1/sbt-structure-extractor-2024.1.1.jar" org.jetbrains.sbt.CreateTasks, None, Some(CommandSource(console0)))
[info] Applying State transformations org.jetbrains.sbt.CreateTasks from /home/sr7/.local/share/JetBrains/IdeaIC2024.1/Scala/repo/org/jetbrains/scala/sbt-structure-extractor_2.12_1.3/2024.1.1/sbt-structure-extractor-2024.1.1.jar
[info] Reapplying settings...
[info] set current project to mlLib_Summarizer (in build file:/home/sr7/LearnBigData/mlLib_Summarizer/)
[debug] > Exec(preferScala2, None, Some(CommandSource(console0)))
[debug] > Exec(*/*:dumpStructure, None, Some(CommandSource(console0)))
[debug] Evaluating tasks: Global / dumpStructure
[warn] sbt 0.13 shell syntax is deprecated; use slash syntax instead: Global / dumpStructure
[debug] Running task... Cancel: Signal, check cycles: false, forcegc: true
[info] shutting down sbt server
